<?xml version="1.0" encoding="UTF-8"?>
<testng-results skipped="0" failed="0" ignored="0" total="1" passed="1">
  <reporter-output>
  </reporter-output>
  <suite name="Flipkart01" duration-ms="5595" started-at="2019-11-10T11:26:47Z" finished-at="2019-11-10T11:26:52Z">
    <groups>
    </groups>
    <test name="FlipkartApp Test" duration-ms="5595" started-at="2019-11-10T11:26:47Z" finished-at="2019-11-10T11:26:52Z">
      <class name="com.flipkart.TestCases.TC_MakeMyTrip_Tabs_001">
        <test-method status="PASS" signature="setUp(java.lang.String)[pri:0, instance:com.flipkart.TestCases.TC_MakeMyTrip_Tabs_001@61832929]" name="setUp" is-config="true" duration-ms="4347" started-at="2019-11-10T16:56:47Z" finished-at="2019-11-10T16:56:51Z">
          <params>
            <param index="0">
              <value>
                <![CDATA[chrome]]>
              </value>
            </param>
          </params>
          <reporter-output>
          </reporter-output>
        </test-method> <!-- setUp -->
        <test-method status="PASS" signature="tabs()[pri:0, instance:com.flipkart.TestCases.TC_MakeMyTrip_Tabs_001@61832929]" name="tabs" duration-ms="1220" started-at="2019-11-10T16:56:51Z" finished-at="2019-11-10T16:56:52Z">
          <reporter-output>
          </reporter-output>
        </test-method> <!-- tabs -->
      </class> <!-- com.flipkart.TestCases.TC_MakeMyTrip_Tabs_001 -->
    </test> <!-- FlipkartApp Test -->
  </suite> <!-- Flipkart01 -->
</testng-results>
