<?xml version="1.0" encoding="UTF-8"?>
<testng-results skipped="0" failed="1" ignored="0" total="1" passed="0">
  <reporter-output>
  </reporter-output>
  <suite name="Flipkart01" duration-ms="21914" started-at="2019-10-08T13:49:48Z" finished-at="2019-10-08T13:50:10Z">
    <groups>
    </groups>
    <test name="FlipkartApp Test" duration-ms="21914" started-at="2019-10-08T13:49:48Z" finished-at="2019-10-08T13:50:10Z">
      <class name="com.flipkart.TestCases.TC_AddCustomerTest_003">
        <test-method status="PASS" signature="setUp(java.lang.String)[pri:0, instance:com.flipkart.TestCases.TC_AddCustomerTest_003@3ffc5af1]" name="setUp" is-config="true" duration-ms="10446" started-at="2019-10-08T19:19:48Z" finished-at="2019-10-08T19:19:59Z">
          <params>
            <param index="0">
              <value>
                <![CDATA[chrome]]>
              </value>
            </param>
          </params>
          <reporter-output>
          </reporter-output>
        </test-method> <!-- setUp -->
        <test-method status="FAIL" signature="addNewCustomer(java.lang.String, java.lang.String, java.lang.String, java.lang.String, java.lang.String, java.lang.String, java.lang.String, java.lang.String, java.lang.String, java.lang.String, java.lang.String, java.lang.String, java.lang.String, java.lang.String)[pri:0, instance:com.flipkart.TestCases.TC_AddCustomerTest_003@3ffc5af1]" name="addNewCustomer" duration-ms="10575" started-at="2019-10-08T19:20:00Z" data-provider="CustomerTestData" finished-at="2019-10-08T19:20:10Z">
          <params>
            <param index="0">
              <value>
                <![CDATA[mngr226025]]>
              </value>
            </param>
            <param index="1">
              <value>
                <![CDATA[EhUrYmY]]>
              </value>
            </param>
            <param index="2">
              <value>
                <![CDATA[Sita]]>
              </value>
            </param>
            <param index="3">
              <value>
                <![CDATA[female]]>
              </value>
            </param>
            <param index="4">
              <value>
                <![CDATA[10]]>
              </value>
            </param>
            <param index="5">
              <value>
                <![CDATA[15]]>
              </value>
            </param>
            <param index="6">
              <value>
                <![CDATA[1987]]>
              </value>
            </param>
            <param index="7">
              <value>
                <![CDATA[INDIA]]>
              </value>
            </param>
            <param index="8">
              <value>
                <![CDATA[TS]]>
              </value>
            </param>
            <param index="9">
              <value>
                <![CDATA[Hyderabad]]>
              </value>
            </param>
            <param index="10">
              <value>
                <![CDATA[500018]]>
              </value>
            </param>
            <param index="11">
              <value>
                <![CDATA[7897897899]]>
              </value>
            </param>
            <param index="12">
              <value>
                <![CDATA[kumar@gmail.com]]>
              </value>
            </param>
            <param index="13">
              <value>
                <![CDATA[Hyderabad]]>
              </value>
            </param>
          </params>
          <exception class="org.openqa.selenium.UnhandledAlertException">
            <message>
              <![CDATA[unexpected alert open: {Alert text : please fill all fields}
  (Session info: chrome=77.0.3865.90): please fill all fields
Build info: version: '3.141.59', revision: 'e82be7d358', time: '2018-11-14T08:17:03'
System info: host: 'LAPTOP-0DQDFNNV', ip: '192.168.1.2', os.name: 'Windows 10', os.arch: 'amd64', os.version: '10.0', java.version: '1.8.0_221'
Driver info: org.openqa.selenium.chrome.ChromeDriver
Capabilities {acceptInsecureCerts: false, browserName: chrome, browserVersion: 77.0.3865.90, chrome: {chromedriverVersion: 76.0.3809.68 (420c9498db8ce..., userDataDir: C:\Users\Kumar\AppData\Loca...}, goog:chromeOptions: {debuggerAddress: localhost:63098}, javascriptEnabled: true, networkConnectionEnabled: false, pageLoadStrategy: normal, platform: XP, platformName: XP, proxy: Proxy(), setWindowRect: true, strictFileInteractability: false, timeouts: {implicit: 0, pageLoad: 300000, script: 30000}, unhandledPromptBehavior: dismiss and notify}
Session ID: 39fe4d858d5e2c2c01d84170b18e377f
*** Element info: {Using=xpath, value=//input[@type='password']}]]>
            </message>
            <full-stacktrace>
              <![CDATA[org.openqa.selenium.UnhandledAlertException: unexpected alert open: {Alert text : please fill all fields}
  (Session info: chrome=77.0.3865.90): please fill all fields
Build info: version: '3.141.59', revision: 'e82be7d358', time: '2018-11-14T08:17:03'
System info: host: 'LAPTOP-0DQDFNNV', ip: '192.168.1.2', os.name: 'Windows 10', os.arch: 'amd64', os.version: '10.0', java.version: '1.8.0_221'
Driver info: org.openqa.selenium.chrome.ChromeDriver
Capabilities {acceptInsecureCerts: false, browserName: chrome, browserVersion: 77.0.3865.90, chrome: {chromedriverVersion: 76.0.3809.68 (420c9498db8ce..., userDataDir: C:\Users\Kumar\AppData\Loca...}, goog:chromeOptions: {debuggerAddress: localhost:63098}, javascriptEnabled: true, networkConnectionEnabled: false, pageLoadStrategy: normal, platform: XP, platformName: XP, proxy: Proxy(), setWindowRect: true, strictFileInteractability: false, timeouts: {implicit: 0, pageLoad: 300000, script: 30000}, unhandledPromptBehavior: dismiss and notify}
Session ID: 39fe4d858d5e2c2c01d84170b18e377f
*** Element info: {Using=xpath, value=//input[@type='password']}
	at org.openqa.selenium.remote.http.W3CHttpResponseCodec.decode(W3CHttpResponseCodec.java:120)
	at org.openqa.selenium.remote.http.W3CHttpResponseCodec.decode(W3CHttpResponseCodec.java:49)
	at org.openqa.selenium.remote.HttpCommandExecutor.execute(HttpCommandExecutor.java:158)
	at org.openqa.selenium.remote.service.DriverCommandExecutor.execute(DriverCommandExecutor.java:83)
	at org.openqa.selenium.remote.RemoteWebDriver.execute(RemoteWebDriver.java:552)
	at org.openqa.selenium.remote.RemoteWebDriver.findElement(RemoteWebDriver.java:323)
	at org.openqa.selenium.remote.RemoteWebDriver.findElementByXPath(RemoteWebDriver.java:428)
	at org.openqa.selenium.By$ByXPath.findElement(By.java:353)
	at org.openqa.selenium.remote.RemoteWebDriver.findElement(RemoteWebDriver.java:315)
	at org.openqa.selenium.support.pagefactory.DefaultElementLocator.findElement(DefaultElementLocator.java:69)
	at org.openqa.selenium.support.pagefactory.internal.LocatingElementHandler.invoke(LocatingElementHandler.java:38)
	at com.sun.proxy.$Proxy11.sendKeys(Unknown Source)
	at com.flipkart.PageObjects.AddCustomerPage.custpwd(AddCustomerPage.java:175)
	at com.flipkart.TestCases.TC_AddCustomerTest_003.addNewCustomer(TC_AddCustomerTest_003.java:44)
	at sun.reflect.NativeMethodAccessorImpl.invoke0(Native Method)
	at sun.reflect.NativeMethodAccessorImpl.invoke(Unknown Source)
	at sun.reflect.DelegatingMethodAccessorImpl.invoke(Unknown Source)
	at java.lang.reflect.Method.invoke(Unknown Source)
	at org.testng.internal.MethodInvocationHelper.invokeMethod(MethodInvocationHelper.java:108)
	at org.testng.internal.Invoker.invokeMethod(Invoker.java:661)
	at org.testng.internal.Invoker.invokeTestMethod(Invoker.java:869)
	at org.testng.internal.Invoker.invokeTestMethods(Invoker.java:1193)
	at org.testng.internal.TestMethodWorker.invokeTestMethods(TestMethodWorker.java:126)
	at org.testng.internal.TestMethodWorker.run(TestMethodWorker.java:109)
	at org.testng.TestRunner.privateRun(TestRunner.java:744)
	at org.testng.TestRunner.run(TestRunner.java:602)
	at org.testng.SuiteRunner.runTest(SuiteRunner.java:380)
	at org.testng.SuiteRunner.runSequentially(SuiteRunner.java:375)
	at org.testng.SuiteRunner.privateRun(SuiteRunner.java:340)
	at org.testng.SuiteRunner.run(SuiteRunner.java:289)
	at org.testng.SuiteRunnerWorker.runSuite(SuiteRunnerWorker.java:52)
	at org.testng.SuiteRunnerWorker.run(SuiteRunnerWorker.java:86)
	at org.testng.TestNG.runSuitesSequentially(TestNG.java:1301)
	at org.testng.TestNG.runSuitesLocally(TestNG.java:1226)
	at org.testng.TestNG.runSuites(TestNG.java:1144)
	at org.testng.TestNG.run(TestNG.java:1115)
	at org.testng.remote.AbstractRemoteTestNG.run(AbstractRemoteTestNG.java:115)
	at org.testng.remote.RemoteTestNG.initAndRun(RemoteTestNG.java:251)
	at org.testng.remote.RemoteTestNG.main(RemoteTestNG.java:77)
]]>
            </full-stacktrace>
          </exception> <!-- org.openqa.selenium.UnhandledAlertException -->
          <reporter-output>
          </reporter-output>
        </test-method> <!-- addNewCustomer -->
      </class> <!-- com.flipkart.TestCases.TC_AddCustomerTest_003 -->
    </test> <!-- FlipkartApp Test -->
  </suite> <!-- Flipkart01 -->
</testng-results>
